<?xml version="1.0" encoding="UTF-8"?>
<testng-results ignored="0" total="1" passed="1" failed="0" skipped="0">
  <reporter-output>
  </reporter-output>
  <suite started-at="2021-08-16T14:35:01Z" name="Suite" finished-at="2021-08-16T14:35:01Z" duration-ms="28">
    <groups>
    </groups>
    <test started-at="2021-08-16T14:35:01Z" name="Test" finished-at="2021-08-16T14:35:01Z" duration-ms="28">
      <class name="a1.Demo1">
        <test-method signature="testng()[pri:0, instance:a1.Demo1@53fe15ff]" started-at="2021-08-16T14:35:01Z" name="testng" finished-at="2021-08-16T14:35:01Z" duration-ms="9" status="PASS">
          <reporter-output>
          </reporter-output>
        </test-method> <!-- testng -->
      </class> <!-- a1.Demo1 -->
    </test> <!-- Test -->
  </suite> <!-- Suite -->
</testng-results>
